Create blog request received with data: {'title': 'session blog1345678912', 'content': 'hello everyone', 'is_private': 'private'}
Blog creation failed, errors: {'title': [ErrorDetail(string='blog with this title already exists.', code='unique')]}
Create blog request received with data: {'title': 'session blog13456789123', 'content': 'hello everyone', 'is_private': 'private'}
Blog created successfully by user: ritik.rai@oodles.io
List blog request received
Total blogs retrieved: 18
Create blog request received with data: {'title': 'session blog13456789123', 'content': 'hello everyone', 'is_private': 'private'}
Blog creation failed, errors: {'title': [ErrorDetail(string='blog with this title already exists.', code='unique')]}
Create blog request received with data: <QueryDict: {}>
Blog creation failed, errors: {'title': [ErrorDetail(string='This field is required.', code='required')], 'content': [ErrorDetail(string='This field is required.', code='required')]}
Create blog request received with data: {'title': 'session blog134567891234', 'content': 'hello everyone', 'is_private': 'private'}
Blog created successfully by user: ritik.rai@oodles.io
Create blog request received with data: {}
Blog creation failed, errors: {'title': [ErrorDetail(string='This field is required.', code='required')], 'content': [ErrorDetail(string='This field is required.', code='required')]}
Create blog request received with data: <QueryDict: {'title': ['hello1'], 'content': ['hello everyone'], 'image': [<InMemoryUploadedFile: oodles-technologies.jpg (image/jpeg)>]}>
Blog created successfully by user: ritik.rai@oodles.io
List blog request received
Total blogs retrieved: 20
List blog request received
Total blogs retrieved: 20
Create blog request received with data: {'content': 'This is a top-level comment.'}
Blog creation failed, errors: {'title': [ErrorDetail(string='This field is required.', code='required')]}
List blog request received
Total blogs retrieved: 20
List blog request received
Total blogs retrieved: 0
List blog request received
Total blogs retrieved: 1
DEBUG 2025-01-06 07:56:29,618 List blog request received
INFO 2025-01-06 07:56:29,626 Total blogs retrieved: 1
DEBUG 2025-01-06 11:14:01,248 List blog request received
INFO 2025-01-06 11:14:01,254 Total blogs retrieved: 1
DEBUG 2025-01-06 11:14:11,525 List blog request received
INFO 2025-01-06 11:14:11,530 Total blogs retrieved: 4
DEBUG 2025-01-06 11:14:20,110 List blog request received
INFO 2025-01-06 11:14:20,122 Total blogs retrieved: 18
DEBUG 2025-01-06 11:25:22,108 Delete blog request received for blog ID: 2
ERROR 2025-01-06 11:25:22,110 Blog not found or user is not the author. Blog ID: 2
DEBUG 2025-01-06 11:27:24,858 Delete blog request received for blog ID: 5
ERROR 2025-01-06 11:27:24,860 Blog not found or user is not the author. Blog ID: 5
DEBUG 2025-01-06 11:27:32,058 Delete blog request received for blog ID: 4
ERROR 2025-01-06 11:27:32,060 Blog not found or user is not the author. Blog ID: 4
DEBUG 2025-01-06 11:27:47,406 Delete blog request received for blog ID: 6
ERROR 2025-01-06 11:27:47,408 Blog not found or user is not the author. Blog ID: 6
DEBUG 2025-01-06 11:27:48,557 Delete blog request received for blog ID: 6
ERROR 2025-01-06 11:27:48,558 Blog not found or user is not the author. Blog ID: 6
DEBUG 2025-01-06 11:27:49,503 Delete blog request received for blog ID: 6
ERROR 2025-01-06 11:27:49,505 Blog not found or user is not the author. Blog ID: 6
DEBUG 2025-01-06 11:27:49,703 Delete blog request received for blog ID: 6
ERROR 2025-01-06 11:27:49,704 Blog not found or user is not the author. Blog ID: 6
DEBUG 2025-01-06 11:27:49,908 Delete blog request received for blog ID: 6
ERROR 2025-01-06 11:27:49,909 Blog not found or user is not the author. Blog ID: 6
DEBUG 2025-01-06 11:27:50,089 Delete blog request received for blog ID: 6
ERROR 2025-01-06 11:27:50,090 Blog not found or user is not the author. Blog ID: 6
DEBUG 2025-01-06 11:27:50,277 Delete blog request received for blog ID: 6
ERROR 2025-01-06 11:27:50,279 Blog not found or user is not the author. Blog ID: 6
DEBUG 2025-01-06 11:27:50,462 Delete blog request received for blog ID: 6
ERROR 2025-01-06 11:27:50,464 Blog not found or user is not the author. Blog ID: 6
DEBUG 2025-01-06 11:27:50,642 Delete blog request received for blog ID: 6
ERROR 2025-01-06 11:27:50,643 Blog not found or user is not the author. Blog ID: 6
DEBUG 2025-01-06 11:29:23,243 Delete blog request received for blog ID: 6
INFO 2025-01-06 11:29:23,406 Blog deleted successfully, Blog ID: 6
DEBUG 2025-01-06 13:32:42,298 List blog request received
INFO 2025-01-06 13:32:42,302 Total blogs retrieved: 17
DEBUG 2025-01-07 09:40:41,074 Create blog request received with data: {}
ERROR 2025-01-07 09:40:41,075 Blog creation failed, errors: {'title': [ErrorDetail(string='This field is required.', code='required')], 'content': [ErrorDetail(string='This field is required.', code='required')]}
DEBUG 2025-01-07 09:41:40,341 Create blog request received with data: {'title': 'testing blog', 'content': 'testing content'}
INFO 2025-01-07 09:41:40,487 Blog created successfully by user: ritik.rai@oodles.io
DEBUG 2025-01-07 17:54:43,907 List blog request received
INFO 2025-01-07 17:54:43,980 Total blogs retrieved: 20
DEBUG 2025-01-07 17:55:08,565 List blog request received
INFO 2025-01-07 17:55:08,571 Total blogs retrieved: 20
DEBUG 2025-01-07 17:55:14,446 List blog request received
INFO 2025-01-07 17:55:14,461 Total blogs retrieved: 20
DEBUG 2025-01-07 17:55:27,186 List blog request received
INFO 2025-01-07 17:55:27,192 Total blogs retrieved: 20
DEBUG 2025-01-07 17:55:45,933 List blog request received
INFO 2025-01-07 17:55:45,951 Total blogs retrieved: 20
DEBUG 2025-01-07 17:55:56,254 List blog request received
INFO 2025-01-07 17:55:56,259 Total blogs retrieved: 20
DEBUG 2025-01-07 17:57:58,247 List blog request received
INFO 2025-01-07 17:57:58,252 Total blogs retrieved: 20
DEBUG 2025-01-07 17:58:58,162 List blog request received
INFO 2025-01-07 17:58:58,174 Total blogs retrieved: 20
DEBUG 2025-01-07 17:59:00,321 List blog request received
INFO 2025-01-07 17:59:00,327 Total blogs retrieved: 20
DEBUG 2025-01-07 17:59:31,200 List blog request received
INFO 2025-01-07 17:59:31,206 Total blogs retrieved: 20
DEBUG 2025-01-07 17:59:34,446 List blog request received
INFO 2025-01-07 17:59:34,456 Total blogs retrieved: 20
DEBUG 2025-01-08 07:48:01,421 List blog request received
INFO 2025-01-08 07:48:01,468 Total blogs retrieved: 20
DEBUG 2025-01-08 07:48:01,493 List blog request received
INFO 2025-01-08 07:48:01,502 Total blogs retrieved: 20
DEBUG 2025-01-08 07:48:04,618 List blog request received
INFO 2025-01-08 07:48:04,622 Total blogs retrieved: 20
DEBUG 2025-01-08 07:48:04,644 List blog request received
INFO 2025-01-08 07:48:04,649 Total blogs retrieved: 20
DEBUG 2025-01-08 07:48:05,664 List blog request received
INFO 2025-01-08 07:48:05,671 Total blogs retrieved: 20
DEBUG 2025-01-08 07:48:05,693 List blog request received
INFO 2025-01-08 07:48:05,698 Total blogs retrieved: 20
DEBUG 2025-01-08 07:48:08,010 List blog request received
INFO 2025-01-08 07:48:08,025 Total blogs retrieved: 20
DEBUG 2025-01-08 07:48:08,059 List blog request received
INFO 2025-01-08 07:48:08,066 Total blogs retrieved: 20
DEBUG 2025-01-08 07:48:21,069 List blog request received
INFO 2025-01-08 07:48:21,076 Total blogs retrieved: 20
DEBUG 2025-01-08 07:48:21,097 List blog request received
INFO 2025-01-08 07:48:21,102 Total blogs retrieved: 20
DEBUG 2025-01-08 07:48:30,788 List blog request received
INFO 2025-01-08 07:48:30,793 Total blogs retrieved: 20
DEBUG 2025-01-08 07:48:30,816 List blog request received
INFO 2025-01-08 07:48:30,822 Total blogs retrieved: 20
DEBUG 2025-01-08 07:48:47,040 List blog request received
INFO 2025-01-08 07:48:47,047 Total blogs retrieved: 20
DEBUG 2025-01-08 07:48:47,074 List blog request received
INFO 2025-01-08 07:48:47,080 Total blogs retrieved: 20
DEBUG 2025-01-08 07:54:03,770 List blog request received
INFO 2025-01-08 07:54:03,776 Total blogs retrieved: 20
DEBUG 2025-01-08 07:54:03,802 List blog request received
INFO 2025-01-08 07:54:03,808 Total blogs retrieved: 20
DEBUG 2025-01-08 07:57:14,292 List blog request received
INFO 2025-01-08 07:57:14,297 Total blogs retrieved: 20
DEBUG 2025-01-08 07:57:14,323 List blog request received
INFO 2025-01-08 07:57:14,329 Total blogs retrieved: 20
DEBUG 2025-01-08 07:57:33,088 List blog request received
INFO 2025-01-08 07:57:33,110 Total blogs retrieved: 20
DEBUG 2025-01-08 07:57:33,150 List blog request received
INFO 2025-01-08 07:57:33,158 Total blogs retrieved: 20
DEBUG 2025-01-08 07:59:50,722 List blog request received
INFO 2025-01-08 07:59:50,726 Total blogs retrieved: 20
DEBUG 2025-01-08 07:59:50,745 List blog request received
INFO 2025-01-08 07:59:50,753 Total blogs retrieved: 20
DEBUG 2025-01-08 08:03:33,481 List blog request received
INFO 2025-01-08 08:03:33,487 Total blogs retrieved: 20
DEBUG 2025-01-08 08:03:33,511 List blog request received
INFO 2025-01-08 08:03:33,518 Total blogs retrieved: 20
DEBUG 2025-01-08 09:06:47,510 List blog request received
INFO 2025-01-08 09:06:47,531 Total blogs retrieved: 20
DEBUG 2025-01-08 09:06:47,559 List blog request received
INFO 2025-01-08 09:06:47,567 Total blogs retrieved: 20
DEBUG 2025-01-08 09:09:32,997 List blog request received
INFO 2025-01-08 09:09:33,005 Total blogs retrieved: 20
DEBUG 2025-01-08 09:09:33,030 List blog request received
INFO 2025-01-08 09:09:33,037 Total blogs retrieved: 20
DEBUG 2025-01-08 09:09:35,651 List blog request received
INFO 2025-01-08 09:09:35,656 Total blogs retrieved: 20
DEBUG 2025-01-08 09:09:35,676 List blog request received
INFO 2025-01-08 09:09:35,682 Total blogs retrieved: 20
DEBUG 2025-01-08 09:09:36,736 List blog request received
INFO 2025-01-08 09:09:36,742 Total blogs retrieved: 20
DEBUG 2025-01-08 09:09:36,765 List blog request received
INFO 2025-01-08 09:09:36,770 Total blogs retrieved: 20
DEBUG 2025-01-08 09:09:37,908 List blog request received
INFO 2025-01-08 09:09:37,914 Total blogs retrieved: 20
DEBUG 2025-01-08 09:09:37,934 List blog request received
INFO 2025-01-08 09:09:37,939 Total blogs retrieved: 20
DEBUG 2025-01-08 09:09:39,025 List blog request received
INFO 2025-01-08 09:09:39,032 Total blogs retrieved: 20
DEBUG 2025-01-08 09:09:39,054 List blog request received
INFO 2025-01-08 09:09:39,060 Total blogs retrieved: 20
DEBUG 2025-01-08 09:09:40,089 List blog request received
INFO 2025-01-08 09:09:40,097 Total blogs retrieved: 20
DEBUG 2025-01-08 09:09:40,119 List blog request received
INFO 2025-01-08 09:09:40,126 Total blogs retrieved: 20
DEBUG 2025-01-08 09:09:41,064 List blog request received
INFO 2025-01-08 09:09:41,068 Total blogs retrieved: 20
DEBUG 2025-01-08 09:09:41,088 List blog request received
INFO 2025-01-08 09:09:41,094 Total blogs retrieved: 20
DEBUG 2025-01-08 09:09:42,606 List blog request received
INFO 2025-01-08 09:09:42,611 Total blogs retrieved: 20
DEBUG 2025-01-08 09:09:42,633 List blog request received
INFO 2025-01-08 09:09:42,638 Total blogs retrieved: 20
DEBUG 2025-01-08 09:11:40,138 List blog request received
INFO 2025-01-08 09:11:40,143 Total blogs retrieved: 20
DEBUG 2025-01-08 09:11:40,163 List blog request received
INFO 2025-01-08 09:11:40,168 Total blogs retrieved: 20
DEBUG 2025-01-08 09:11:40,228 List blog request received
INFO 2025-01-08 09:11:40,231 Total blogs retrieved: 20
DEBUG 2025-01-08 09:11:40,289 List blog request received
INFO 2025-01-08 09:11:40,298 Total blogs retrieved: 20
DEBUG 2025-01-08 09:11:44,069 List blog request received
INFO 2025-01-08 09:11:44,078 Total blogs retrieved: 20
DEBUG 2025-01-08 09:11:44,101 List blog request received
INFO 2025-01-08 09:11:44,106 Total blogs retrieved: 20
DEBUG 2025-01-08 09:11:46,577 List blog request received
INFO 2025-01-08 09:11:46,583 Total blogs retrieved: 20
DEBUG 2025-01-08 09:11:46,611 List blog request received
INFO 2025-01-08 09:11:46,615 Total blogs retrieved: 20
DEBUG 2025-01-08 09:11:47,655 List blog request received
INFO 2025-01-08 09:11:47,660 Total blogs retrieved: 20
DEBUG 2025-01-08 09:11:47,681 List blog request received
INFO 2025-01-08 09:11:47,688 Total blogs retrieved: 20
DEBUG 2025-01-08 09:22:01,141 List blog request received
INFO 2025-01-08 09:22:01,155 Total blogs retrieved: 20
DEBUG 2025-01-08 09:22:01,194 List blog request received
INFO 2025-01-08 09:22:01,210 Total blogs retrieved: 20
DEBUG 2025-01-08 09:22:01,283 List blog request received
INFO 2025-01-08 09:22:01,286 Total blogs retrieved: 20
DEBUG 2025-01-08 09:22:01,348 List blog request received
INFO 2025-01-08 09:22:01,356 Total blogs retrieved: 20
DEBUG 2025-01-09 07:54:30,918 List blog request received
INFO 2025-01-09 07:54:31,045 Total blogs retrieved: 20
DEBUG 2025-01-09 07:54:31,077 List blog request received
INFO 2025-01-09 07:54:31,090 Total blogs retrieved: 20
DEBUG 2025-01-09 07:54:37,267 List blog request received
INFO 2025-01-09 07:54:37,272 Total blogs retrieved: 20
DEBUG 2025-01-09 07:54:37,300 List blog request received
INFO 2025-01-09 07:54:37,310 Total blogs retrieved: 20
DEBUG 2025-01-09 07:54:38,190 List blog request received
INFO 2025-01-09 07:54:38,197 Total blogs retrieved: 20
DEBUG 2025-01-09 07:54:38,222 List blog request received
INFO 2025-01-09 07:54:38,230 Total blogs retrieved: 20
DEBUG 2025-01-09 07:54:38,964 List blog request received
INFO 2025-01-09 07:54:38,969 Total blogs retrieved: 20
DEBUG 2025-01-09 07:54:38,997 List blog request received
INFO 2025-01-09 07:54:39,006 Total blogs retrieved: 20
DEBUG 2025-01-09 09:00:56,965 List blog request received
INFO 2025-01-09 09:00:56,975 Total blogs retrieved: 18
DEBUG 2025-01-09 09:01:03,883 List blog request received
INFO 2025-01-09 09:01:03,896 Total blogs retrieved: 20
DEBUG 2025-01-09 09:01:03,920 List blog request received
INFO 2025-01-09 09:01:03,928 Total blogs retrieved: 20
DEBUG 2025-01-09 09:01:05,769 List blog request received
INFO 2025-01-09 09:01:05,773 Total blogs retrieved: 20
DEBUG 2025-01-09 09:01:05,795 List blog request received
INFO 2025-01-09 09:01:05,803 Total blogs retrieved: 20
DEBUG 2025-01-09 09:01:06,705 List blog request received
INFO 2025-01-09 09:01:06,715 Total blogs retrieved: 20
DEBUG 2025-01-09 09:01:06,741 List blog request received
INFO 2025-01-09 09:01:06,751 Total blogs retrieved: 20
DEBUG 2025-01-09 09:01:07,594 List blog request received
INFO 2025-01-09 09:01:07,599 Total blogs retrieved: 20
DEBUG 2025-01-09 09:01:07,633 List blog request received
INFO 2025-01-09 09:01:07,640 Total blogs retrieved: 20
DEBUG 2025-01-09 09:01:07,755 List blog request received
INFO 2025-01-09 09:01:07,760 Total blogs retrieved: 20
DEBUG 2025-01-09 09:01:07,785 List blog request received
INFO 2025-01-09 09:01:07,792 Total blogs retrieved: 20
DEBUG 2025-01-09 09:01:07,914 List blog request received
INFO 2025-01-09 09:01:07,922 Total blogs retrieved: 20
DEBUG 2025-01-09 09:01:07,950 List blog request received
INFO 2025-01-09 09:01:07,955 Total blogs retrieved: 20
DEBUG 2025-01-09 09:01:08,082 List blog request received
INFO 2025-01-09 09:01:08,086 Total blogs retrieved: 20
DEBUG 2025-01-09 09:01:08,106 List blog request received
INFO 2025-01-09 09:01:08,112 Total blogs retrieved: 20
DEBUG 2025-01-09 09:01:08,226 List blog request received
INFO 2025-01-09 09:01:08,232 Total blogs retrieved: 20
DEBUG 2025-01-09 09:01:08,257 List blog request received
INFO 2025-01-09 09:01:08,266 Total blogs retrieved: 20
DEBUG 2025-01-09 09:01:08,394 List blog request received
INFO 2025-01-09 09:01:08,402 Total blogs retrieved: 20
DEBUG 2025-01-09 09:01:08,423 List blog request received
INFO 2025-01-09 09:01:08,433 Total blogs retrieved: 20
DEBUG 2025-01-09 09:01:08,540 List blog request received
INFO 2025-01-09 09:01:08,545 Total blogs retrieved: 20
DEBUG 2025-01-09 09:01:08,569 List blog request received
INFO 2025-01-09 09:01:08,576 Total blogs retrieved: 20
DEBUG 2025-01-09 09:01:08,714 List blog request received
INFO 2025-01-09 09:01:08,719 Total blogs retrieved: 20
DEBUG 2025-01-09 09:01:08,743 List blog request received
INFO 2025-01-09 09:01:08,760 Total blogs retrieved: 20
DEBUG 2025-01-09 09:01:08,966 List blog request received
INFO 2025-01-09 09:01:08,970 Total blogs retrieved: 20
DEBUG 2025-01-09 09:01:08,990 List blog request received
INFO 2025-01-09 09:01:08,999 Total blogs retrieved: 20
DEBUG 2025-01-09 09:01:09,134 List blog request received
INFO 2025-01-09 09:01:09,139 Total blogs retrieved: 20
DEBUG 2025-01-09 09:01:09,163 List blog request received
INFO 2025-01-09 09:01:09,169 Total blogs retrieved: 20
DEBUG 2025-01-09 09:01:09,364 List blog request received
INFO 2025-01-09 09:01:09,369 Total blogs retrieved: 20
DEBUG 2025-01-09 09:01:09,388 List blog request received
INFO 2025-01-09 09:01:09,397 Total blogs retrieved: 20
DEBUG 2025-01-09 09:01:09,527 List blog request received
INFO 2025-01-09 09:01:09,533 Total blogs retrieved: 20
DEBUG 2025-01-09 09:01:09,554 List blog request received
INFO 2025-01-09 09:01:09,566 Total blogs retrieved: 20
DEBUG 2025-01-09 09:01:09,682 List blog request received
INFO 2025-01-09 09:01:09,687 Total blogs retrieved: 20
DEBUG 2025-01-09 09:01:09,708 List blog request received
INFO 2025-01-09 09:01:09,715 Total blogs retrieved: 20
DEBUG 2025-01-09 09:01:09,856 List blog request received
INFO 2025-01-09 09:01:09,862 Total blogs retrieved: 20
DEBUG 2025-01-09 09:01:09,885 List blog request received
INFO 2025-01-09 09:01:09,894 Total blogs retrieved: 20
DEBUG 2025-01-09 09:09:56,141 List blog request received
INFO 2025-01-09 09:09:56,147 Total blogs retrieved: 20
DEBUG 2025-01-09 09:09:56,175 List blog request received
INFO 2025-01-09 09:09:56,182 Total blogs retrieved: 20
DEBUG 2025-01-09 09:09:59,685 List blog request received
INFO 2025-01-09 09:09:59,697 Total blogs retrieved: 20
DEBUG 2025-01-09 09:09:59,763 List blog request received
INFO 2025-01-09 09:09:59,781 Total blogs retrieved: 20
DEBUG 2025-01-09 09:10:07,474 List blog request received
INFO 2025-01-09 09:10:07,478 Total blogs retrieved: 20
DEBUG 2025-01-09 09:10:07,502 List blog request received
INFO 2025-01-09 09:10:07,511 Total blogs retrieved: 20
DEBUG 2025-01-09 09:27:52,990 List blog request received
INFO 2025-01-09 09:27:52,996 Total blogs retrieved: 20
DEBUG 2025-01-09 09:27:53,019 List blog request received
INFO 2025-01-09 09:27:53,026 Total blogs retrieved: 20
DEBUG 2025-01-09 09:27:53,090 List blog request received
INFO 2025-01-09 09:27:53,094 Total blogs retrieved: 20
DEBUG 2025-01-09 09:27:53,152 List blog request received
INFO 2025-01-09 09:27:53,157 Total blogs retrieved: 20
DEBUG 2025-01-09 09:27:53,214 List blog request received
INFO 2025-01-09 09:27:53,217 Total blogs retrieved: 20
DEBUG 2025-01-09 09:27:53,274 List blog request received
INFO 2025-01-09 09:27:53,278 Total blogs retrieved: 20
DEBUG 2025-01-09 12:13:23,182 List blog request received
INFO 2025-01-09 12:13:23,187 Total blogs retrieved: 20
DEBUG 2025-01-09 12:13:23,209 List blog request received
INFO 2025-01-09 12:13:23,214 Total blogs retrieved: 20
DEBUG 2025-01-09 12:13:23,281 List blog request received
INFO 2025-01-09 12:13:23,288 Total blogs retrieved: 20
DEBUG 2025-01-09 12:13:23,373 List blog request received
INFO 2025-01-09 12:13:23,383 Total blogs retrieved: 20
DEBUG 2025-01-09 12:13:23,463 List blog request received
INFO 2025-01-09 12:13:23,468 Total blogs retrieved: 20
DEBUG 2025-01-09 12:13:23,531 List blog request received
INFO 2025-01-09 12:13:23,535 Total blogs retrieved: 20
DEBUG 2025-01-09 12:43:42,750 List blog request received
INFO 2025-01-09 12:43:42,759 Total blogs retrieved: 20
DEBUG 2025-01-09 12:43:42,783 List blog request received
INFO 2025-01-09 12:43:42,789 Total blogs retrieved: 20
DEBUG 2025-01-09 12:44:10,165 List blog request received
INFO 2025-01-09 12:44:10,170 Total blogs retrieved: 20
DEBUG 2025-01-09 12:44:10,199 List blog request received
INFO 2025-01-09 12:44:10,205 Total blogs retrieved: 20
DEBUG 2025-01-09 12:44:11,179 List blog request received
INFO 2025-01-09 12:44:11,185 Total blogs retrieved: 20
DEBUG 2025-01-09 12:44:11,207 List blog request received
INFO 2025-01-09 12:44:11,216 Total blogs retrieved: 20
DEBUG 2025-01-09 12:44:11,983 List blog request received
INFO 2025-01-09 12:44:11,987 Total blogs retrieved: 20
DEBUG 2025-01-09 12:44:12,006 List blog request received
INFO 2025-01-09 12:44:12,013 Total blogs retrieved: 20
DEBUG 2025-01-09 12:44:12,836 List blog request received
INFO 2025-01-09 12:44:12,843 Total blogs retrieved: 20
DEBUG 2025-01-09 12:44:12,870 List blog request received
INFO 2025-01-09 12:44:12,876 Total blogs retrieved: 20
DEBUG 2025-01-09 12:44:12,955 List blog request received
INFO 2025-01-09 12:44:12,959 Total blogs retrieved: 20
DEBUG 2025-01-09 12:44:12,980 List blog request received
INFO 2025-01-09 12:44:12,986 Total blogs retrieved: 20
DEBUG 2025-01-09 12:44:13,121 List blog request received
INFO 2025-01-09 12:44:13,126 Total blogs retrieved: 20
DEBUG 2025-01-09 12:44:13,149 List blog request received
INFO 2025-01-09 12:44:13,154 Total blogs retrieved: 20
DEBUG 2025-01-09 12:44:13,257 List blog request received
INFO 2025-01-09 12:44:13,262 Total blogs retrieved: 20
DEBUG 2025-01-09 12:44:13,282 List blog request received
INFO 2025-01-09 12:44:13,287 Total blogs retrieved: 20
DEBUG 2025-01-09 12:44:13,419 List blog request received
INFO 2025-01-09 12:44:13,424 Total blogs retrieved: 20
DEBUG 2025-01-09 12:44:13,445 List blog request received
INFO 2025-01-09 12:44:13,451 Total blogs retrieved: 20
DEBUG 2025-01-09 12:44:13,575 List blog request received
INFO 2025-01-09 12:44:13,581 Total blogs retrieved: 20
DEBUG 2025-01-09 12:44:13,601 List blog request received
INFO 2025-01-09 12:44:13,607 Total blogs retrieved: 20
DEBUG 2025-01-09 12:44:13,710 List blog request received
INFO 2025-01-09 12:44:13,716 Total blogs retrieved: 20
DEBUG 2025-01-09 12:44:13,737 List blog request received
INFO 2025-01-09 12:44:13,742 Total blogs retrieved: 20
DEBUG 2025-01-09 12:44:13,866 List blog request received
INFO 2025-01-09 12:44:13,871 Total blogs retrieved: 20
DEBUG 2025-01-09 12:44:13,890 List blog request received
INFO 2025-01-09 12:44:13,899 Total blogs retrieved: 20
DEBUG 2025-01-09 12:44:42,889 List blog request received
INFO 2025-01-09 12:44:42,894 Total blogs retrieved: 20
DEBUG 2025-01-09 12:44:42,910 List blog request received
INFO 2025-01-09 12:44:42,915 Total blogs retrieved: 20
DEBUG 2025-01-09 12:44:55,629 List blog request received
INFO 2025-01-09 12:44:55,635 Total blogs retrieved: 20
DEBUG 2025-01-09 12:44:55,653 List blog request received
INFO 2025-01-09 12:44:55,659 Total blogs retrieved: 20
DEBUG 2025-01-09 12:44:58,761 List blog request received
INFO 2025-01-09 12:44:58,765 Total blogs retrieved: 20
DEBUG 2025-01-09 12:44:58,782 List blog request received
INFO 2025-01-09 12:44:58,787 Total blogs retrieved: 20
DEBUG 2025-01-09 12:46:13,203 List blog request received
INFO 2025-01-09 12:46:13,210 Total blogs retrieved: 20
DEBUG 2025-01-09 12:46:13,239 List blog request received
INFO 2025-01-09 12:46:13,249 Total blogs retrieved: 20
DEBUG 2025-01-09 12:46:13,315 List blog request received
INFO 2025-01-09 12:46:13,318 Total blogs retrieved: 20
DEBUG 2025-01-09 12:46:13,374 List blog request received
INFO 2025-01-09 12:46:13,383 Total blogs retrieved: 20
DEBUG 2025-01-09 12:46:13,451 List blog request received
INFO 2025-01-09 12:46:13,457 Total blogs retrieved: 20
DEBUG 2025-01-09 12:46:13,530 List blog request received
INFO 2025-01-09 12:46:13,538 Total blogs retrieved: 20
DEBUG 2025-01-09 12:46:16,195 List blog request received
INFO 2025-01-09 12:46:16,200 Total blogs retrieved: 20
DEBUG 2025-01-09 12:46:16,232 List blog request received
INFO 2025-01-09 12:46:16,239 Total blogs retrieved: 20
DEBUG 2025-01-09 12:46:16,311 List blog request received
INFO 2025-01-09 12:46:16,316 Total blogs retrieved: 20
DEBUG 2025-01-09 12:46:16,383 List blog request received
INFO 2025-01-09 12:46:16,394 Total blogs retrieved: 20
DEBUG 2025-01-09 12:46:16,464 List blog request received
INFO 2025-01-09 12:46:16,470 Total blogs retrieved: 20
DEBUG 2025-01-09 12:46:16,533 List blog request received
INFO 2025-01-09 12:46:16,537 Total blogs retrieved: 20
DEBUG 2025-01-09 12:47:19,191 List blog request received
INFO 2025-01-09 12:47:19,197 Total blogs retrieved: 20
DEBUG 2025-01-09 12:47:19,222 List blog request received
INFO 2025-01-09 12:47:19,226 Total blogs retrieved: 20
DEBUG 2025-01-09 12:47:19,289 List blog request received
INFO 2025-01-09 12:47:19,293 Total blogs retrieved: 20
DEBUG 2025-01-09 12:47:19,349 List blog request received
INFO 2025-01-09 12:47:19,352 Total blogs retrieved: 20
DEBUG 2025-01-09 12:47:19,408 List blog request received
INFO 2025-01-09 12:47:19,412 Total blogs retrieved: 20
DEBUG 2025-01-09 12:47:19,468 List blog request received
INFO 2025-01-09 12:47:19,472 Total blogs retrieved: 20
DEBUG 2025-01-09 12:47:23,203 List blog request received
INFO 2025-01-09 12:47:23,217 Total blogs retrieved: 20
DEBUG 2025-01-09 12:47:23,247 List blog request received
INFO 2025-01-09 12:47:23,252 Total blogs retrieved: 20
DEBUG 2025-01-09 12:47:23,314 List blog request received
INFO 2025-01-09 12:47:23,320 Total blogs retrieved: 20
DEBUG 2025-01-09 12:47:23,389 List blog request received
INFO 2025-01-09 12:47:23,403 Total blogs retrieved: 20
DEBUG 2025-01-09 12:47:23,497 List blog request received
INFO 2025-01-09 12:47:23,507 Total blogs retrieved: 20
DEBUG 2025-01-09 12:47:23,577 List blog request received
INFO 2025-01-09 12:47:23,584 Total blogs retrieved: 20
DEBUG 2025-01-09 12:49:33,245 List blog request received
INFO 2025-01-09 12:49:33,253 Total blogs retrieved: 20
DEBUG 2025-01-09 12:49:33,279 List blog request received
INFO 2025-01-09 12:49:33,286 Total blogs retrieved: 20
DEBUG 2025-01-09 12:49:49,510 List blog request received
INFO 2025-01-09 12:49:49,515 Total blogs retrieved: 20
DEBUG 2025-01-09 12:49:49,540 List blog request received
INFO 2025-01-09 12:49:49,545 Total blogs retrieved: 20
DEBUG 2025-01-09 12:49:50,200 List blog request received
INFO 2025-01-09 12:49:50,213 Total blogs retrieved: 20
DEBUG 2025-01-09 12:49:50,260 List blog request received
INFO 2025-01-09 12:49:50,276 Total blogs retrieved: 20
DEBUG 2025-01-09 12:49:50,362 List blog request received
INFO 2025-01-09 12:49:50,372 Total blogs retrieved: 20
DEBUG 2025-01-09 12:49:50,460 List blog request received
INFO 2025-01-09 12:49:50,473 Total blogs retrieved: 20
DEBUG 2025-01-09 13:05:29,197 List blog request received
INFO 2025-01-09 13:05:29,210 Total blogs retrieved: 20
DEBUG 2025-01-09 13:05:29,247 List blog request received
INFO 2025-01-09 13:05:29,258 Total blogs retrieved: 20
DEBUG 2025-01-09 13:05:29,339 List blog request received
INFO 2025-01-09 13:05:29,351 Total blogs retrieved: 20
DEBUG 2025-01-09 13:05:29,431 List blog request received
INFO 2025-01-09 13:05:29,440 Total blogs retrieved: 20
DEBUG 2025-01-09 13:14:22,743 List blog request received
INFO 2025-01-09 13:14:22,750 Total blogs retrieved: 20
DEBUG 2025-01-09 13:14:22,770 List blog request received
INFO 2025-01-09 13:14:22,775 Total blogs retrieved: 20
DEBUG 2025-01-09 13:19:30,405 List blog request received
INFO 2025-01-09 13:19:30,410 Total blogs retrieved: 20
DEBUG 2025-01-09 13:19:30,429 List blog request received
INFO 2025-01-09 13:19:30,434 Total blogs retrieved: 20
DEBUG 2025-01-09 13:19:33,552 List blog request received
INFO 2025-01-09 13:19:33,555 Total blogs retrieved: 20
DEBUG 2025-01-09 13:19:33,573 List blog request received
INFO 2025-01-09 13:19:33,578 Total blogs retrieved: 20
DEBUG 2025-01-09 13:24:47,207 List blog request received
INFO 2025-01-09 13:24:47,212 Total blogs retrieved: 20
DEBUG 2025-01-09 13:24:47,231 List blog request received
INFO 2025-01-09 13:24:47,237 Total blogs retrieved: 20
DEBUG 2025-01-09 13:24:47,297 List blog request received
INFO 2025-01-09 13:24:47,303 Total blogs retrieved: 20
DEBUG 2025-01-09 13:24:47,364 List blog request received
INFO 2025-01-09 13:24:47,371 Total blogs retrieved: 20
DEBUG 2025-01-09 13:30:27,209 List blog request received
INFO 2025-01-09 13:30:27,224 Total blogs retrieved: 20
DEBUG 2025-01-09 13:30:27,264 List blog request received
INFO 2025-01-09 13:30:27,276 Total blogs retrieved: 20
DEBUG 2025-01-09 13:30:27,337 List blog request received
INFO 2025-01-09 13:30:27,342 Total blogs retrieved: 20
DEBUG 2025-01-09 13:30:27,401 List blog request received
INFO 2025-01-09 13:30:27,408 Total blogs retrieved: 20
DEBUG 2025-01-09 14:01:43,196 List blog request received
INFO 2025-01-09 14:01:43,207 Total blogs retrieved: 20
DEBUG 2025-01-09 14:01:43,251 List blog request received
INFO 2025-01-09 14:01:43,263 Total blogs retrieved: 20
DEBUG 2025-01-09 14:02:01,193 List blog request received
INFO 2025-01-09 14:02:01,201 Total blogs retrieved: 20
DEBUG 2025-01-09 14:02:01,234 List blog request received
INFO 2025-01-09 14:02:01,240 Total blogs retrieved: 20
DEBUG 2025-01-09 14:29:11,888 List blog request received
INFO 2025-01-09 14:29:11,899 Total blogs retrieved: 20
DEBUG 2025-01-09 14:29:11,923 List blog request received
INFO 2025-01-09 14:29:11,928 Total blogs retrieved: 20
DEBUG 2025-01-09 15:07:50,265 List blog request received
INFO 2025-01-09 15:07:50,276 Total blogs retrieved: 20
DEBUG 2025-01-09 15:08:27,158 List blog request received
INFO 2025-01-09 15:08:27,163 Total blogs retrieved: 20
DEBUG 2025-01-09 15:08:32,126 List blog request received
INFO 2025-01-09 15:08:32,132 Total blogs retrieved: 20
DEBUG 2025-01-09 15:08:32,156 List blog request received
INFO 2025-01-09 15:08:32,161 Total blogs retrieved: 20
DEBUG 2025-01-09 15:08:34,557 List blog request received
INFO 2025-01-09 15:08:34,562 Total blogs retrieved: 20
DEBUG 2025-01-09 15:08:34,584 List blog request received
INFO 2025-01-09 15:08:34,589 Total blogs retrieved: 20
DEBUG 2025-01-09 15:08:35,458 List blog request received
INFO 2025-01-09 15:08:35,464 Total blogs retrieved: 20
DEBUG 2025-01-09 15:08:35,485 List blog request received
INFO 2025-01-09 15:08:35,490 Total blogs retrieved: 20
DEBUG 2025-01-09 15:08:35,595 List blog request received
INFO 2025-01-09 15:08:35,600 Total blogs retrieved: 20
DEBUG 2025-01-09 15:08:35,621 List blog request received
INFO 2025-01-09 15:08:35,626 Total blogs retrieved: 20
DEBUG 2025-01-09 15:08:36,137 List blog request received
INFO 2025-01-09 15:08:36,142 Total blogs retrieved: 20
DEBUG 2025-01-09 15:08:36,166 List blog request received
INFO 2025-01-09 15:08:36,171 Total blogs retrieved: 20
DEBUG 2025-01-09 15:08:36,936 List blog request received
INFO 2025-01-09 15:08:36,940 Total blogs retrieved: 20
DEBUG 2025-01-09 15:08:36,959 List blog request received
INFO 2025-01-09 15:08:36,965 Total blogs retrieved: 20
DEBUG 2025-01-09 15:09:52,620 List blog request received
INFO 2025-01-09 15:09:52,628 Total blogs retrieved: 20
DEBUG 2025-01-09 15:09:52,650 List blog request received
INFO 2025-01-09 15:09:52,656 Total blogs retrieved: 20
DEBUG 2025-01-09 15:09:59,824 List blog request received
INFO 2025-01-09 15:09:59,828 Total blogs retrieved: 20
DEBUG 2025-01-09 15:09:59,848 List blog request received
INFO 2025-01-09 15:09:59,855 Total blogs retrieved: 20
DEBUG 2025-01-09 15:15:57,177 List blog request received
INFO 2025-01-09 15:15:57,188 Total blogs retrieved: 20
DEBUG 2025-01-09 15:15:57,223 List blog request received
INFO 2025-01-09 15:15:57,234 Total blogs retrieved: 20
DEBUG 2025-01-09 15:16:05,848 List blog request received
INFO 2025-01-09 15:16:05,854 Total blogs retrieved: 20
DEBUG 2025-01-09 15:16:05,876 List blog request received
INFO 2025-01-09 15:16:05,882 Total blogs retrieved: 20
DEBUG 2025-01-09 15:16:06,590 List blog request received
INFO 2025-01-09 15:16:06,594 Total blogs retrieved: 20
DEBUG 2025-01-09 15:16:06,611 List blog request received
INFO 2025-01-09 15:16:06,617 Total blogs retrieved: 20
DEBUG 2025-01-09 15:16:07,343 List blog request received
INFO 2025-01-09 15:16:07,348 Total blogs retrieved: 20
DEBUG 2025-01-09 15:16:07,366 List blog request received
INFO 2025-01-09 15:16:07,371 Total blogs retrieved: 20
DEBUG 2025-01-09 15:16:08,112 List blog request received
INFO 2025-01-09 15:16:08,117 Total blogs retrieved: 20
DEBUG 2025-01-09 15:16:08,143 List blog request received
INFO 2025-01-09 15:16:08,150 Total blogs retrieved: 20
DEBUG 2025-01-09 15:16:08,275 List blog request received
INFO 2025-01-09 15:16:08,280 Total blogs retrieved: 20
DEBUG 2025-01-09 15:16:08,301 List blog request received
INFO 2025-01-09 15:16:08,308 Total blogs retrieved: 20
DEBUG 2025-01-09 15:16:08,484 List blog request received
INFO 2025-01-09 15:16:08,493 Total blogs retrieved: 20
DEBUG 2025-01-09 15:16:08,513 List blog request received
INFO 2025-01-09 15:16:08,522 Total blogs retrieved: 20
DEBUG 2025-01-09 15:16:08,600 List blog request received
INFO 2025-01-09 15:16:08,606 Total blogs retrieved: 20
DEBUG 2025-01-09 15:16:08,624 List blog request received
INFO 2025-01-09 15:16:08,630 Total blogs retrieved: 20
DEBUG 2025-01-09 15:16:09,180 List blog request received
INFO 2025-01-09 15:16:09,188 Total blogs retrieved: 20
DEBUG 2025-01-09 15:16:09,206 List blog request received
INFO 2025-01-09 15:16:09,212 Total blogs retrieved: 20
DEBUG 2025-01-09 15:16:09,952 List blog request received
INFO 2025-01-09 15:16:09,958 Total blogs retrieved: 20
DEBUG 2025-01-09 15:16:09,977 List blog request received
INFO 2025-01-09 15:16:09,984 Total blogs retrieved: 20
DEBUG 2025-01-09 15:16:10,711 List blog request received
INFO 2025-01-09 15:16:10,718 Total blogs retrieved: 20
DEBUG 2025-01-09 15:16:10,738 List blog request received
INFO 2025-01-09 15:16:10,743 Total blogs retrieved: 20
DEBUG 2025-01-09 15:16:11,399 List blog request received
INFO 2025-01-09 15:16:11,405 Total blogs retrieved: 20
DEBUG 2025-01-09 15:16:11,428 List blog request received
INFO 2025-01-09 15:16:11,435 Total blogs retrieved: 20
DEBUG 2025-01-09 15:16:12,361 List blog request received
INFO 2025-01-09 15:16:12,372 Total blogs retrieved: 20
DEBUG 2025-01-09 15:16:12,393 List blog request received
INFO 2025-01-09 15:16:12,400 Total blogs retrieved: 20
DEBUG 2025-01-09 15:16:12,607 List blog request received
INFO 2025-01-09 15:16:12,613 Total blogs retrieved: 20
DEBUG 2025-01-09 15:16:12,635 List blog request received
INFO 2025-01-09 15:16:12,644 Total blogs retrieved: 20
DEBUG 2025-01-09 15:16:13,094 List blog request received
INFO 2025-01-09 15:16:13,103 Total blogs retrieved: 20
DEBUG 2025-01-09 15:16:13,125 List blog request received
INFO 2025-01-09 15:16:13,135 Total blogs retrieved: 20
DEBUG 2025-01-09 15:16:13,395 List blog request received
INFO 2025-01-09 15:16:13,400 Total blogs retrieved: 20
DEBUG 2025-01-09 15:16:13,433 List blog request received
INFO 2025-01-09 15:16:13,442 Total blogs retrieved: 20
DEBUG 2025-01-09 15:16:13,531 List blog request received
INFO 2025-01-09 15:16:13,544 Total blogs retrieved: 20
DEBUG 2025-01-09 15:16:13,570 List blog request received
INFO 2025-01-09 15:16:13,579 Total blogs retrieved: 20
DEBUG 2025-01-09 15:16:13,677 List blog request received
INFO 2025-01-09 15:16:13,684 Total blogs retrieved: 20
DEBUG 2025-01-09 15:16:13,716 List blog request received
INFO 2025-01-09 15:16:13,726 Total blogs retrieved: 20
DEBUG 2025-01-09 15:16:13,936 List blog request received
INFO 2025-01-09 15:16:13,946 Total blogs retrieved: 20
DEBUG 2025-01-09 15:16:14,007 List blog request received
INFO 2025-01-09 15:16:14,015 Total blogs retrieved: 20
DEBUG 2025-01-09 15:16:14,216 List blog request received
INFO 2025-01-09 15:16:14,222 Total blogs retrieved: 20
DEBUG 2025-01-09 15:16:14,246 List blog request received
INFO 2025-01-09 15:16:14,252 Total blogs retrieved: 20
DEBUG 2025-01-09 15:16:16,194 List blog request received
INFO 2025-01-09 15:16:16,201 Total blogs retrieved: 20
DEBUG 2025-01-09 15:16:16,222 List blog request received
INFO 2025-01-09 15:16:16,228 Total blogs retrieved: 20
DEBUG 2025-01-09 15:16:16,407 List blog request received
INFO 2025-01-09 15:16:16,412 Total blogs retrieved: 20
DEBUG 2025-01-09 15:16:16,431 List blog request received
INFO 2025-01-09 15:16:16,436 Total blogs retrieved: 20
DEBUG 2025-01-09 15:16:16,630 List blog request received
INFO 2025-01-09 15:16:16,636 Total blogs retrieved: 20
DEBUG 2025-01-09 15:16:16,655 List blog request received
INFO 2025-01-09 15:16:16,662 Total blogs retrieved: 20
DEBUG 2025-01-09 15:16:16,754 List blog request received
INFO 2025-01-09 15:16:16,759 Total blogs retrieved: 20
DEBUG 2025-01-09 15:16:16,780 List blog request received
INFO 2025-01-09 15:16:16,785 Total blogs retrieved: 20
DEBUG 2025-01-09 15:16:16,959 List blog request received
INFO 2025-01-09 15:16:16,964 Total blogs retrieved: 20
DEBUG 2025-01-09 15:16:16,984 List blog request received
INFO 2025-01-09 15:16:16,991 Total blogs retrieved: 20
DEBUG 2025-01-09 15:16:17,079 List blog request received
INFO 2025-01-09 15:16:17,085 Total blogs retrieved: 20
DEBUG 2025-01-09 15:16:17,104 List blog request received
INFO 2025-01-09 15:16:17,109 Total blogs retrieved: 20
DEBUG 2025-01-09 15:16:17,322 List blog request received
INFO 2025-01-09 15:16:17,329 Total blogs retrieved: 20
DEBUG 2025-01-09 15:16:17,354 List blog request received
INFO 2025-01-09 15:16:17,364 Total blogs retrieved: 20
DEBUG 2025-01-09 15:16:17,459 List blog request received
INFO 2025-01-09 15:16:17,465 Total blogs retrieved: 20
DEBUG 2025-01-09 15:16:17,484 List blog request received
INFO 2025-01-09 15:16:17,490 Total blogs retrieved: 20
DEBUG 2025-01-09 15:20:06,191 List blog request received
INFO 2025-01-09 15:20:06,197 Total blogs retrieved: 20
DEBUG 2025-01-09 15:20:06,226 List blog request received
INFO 2025-01-09 15:20:06,234 Total blogs retrieved: 20
DEBUG 2025-01-09 15:20:19,174 List blog request received
INFO 2025-01-09 15:20:19,181 Total blogs retrieved: 20
DEBUG 2025-01-09 15:20:19,206 List blog request received
INFO 2025-01-09 15:20:19,214 Total blogs retrieved: 20
DEBUG 2025-01-10 13:52:22,494 List blog request received
INFO 2025-01-10 13:52:22,586 Total blogs retrieved: 20
DEBUG 2025-01-10 13:52:22,601 List blog request received
INFO 2025-01-10 13:52:22,605 Total blogs retrieved: 20
DEBUG 2025-01-10 13:52:28,292 List blog request received
INFO 2025-01-10 13:52:28,297 Total blogs retrieved: 20
DEBUG 2025-01-10 13:52:28,329 List blog request received
INFO 2025-01-10 13:52:28,336 Total blogs retrieved: 20
DEBUG 2025-01-10 13:52:29,917 List blog request received
INFO 2025-01-10 13:52:29,924 Total blogs retrieved: 20
DEBUG 2025-01-10 13:52:29,953 List blog request received
INFO 2025-01-10 13:52:29,965 Total blogs retrieved: 20
DEBUG 2025-01-10 13:52:31,090 List blog request received
INFO 2025-01-10 13:52:31,099 Total blogs retrieved: 20
DEBUG 2025-01-10 13:52:31,128 List blog request received
INFO 2025-01-10 13:52:31,136 Total blogs retrieved: 20
DEBUG 2025-01-10 13:52:32,333 List blog request received
INFO 2025-01-10 13:52:32,340 Total blogs retrieved: 20
DEBUG 2025-01-10 13:52:32,369 List blog request received
INFO 2025-01-10 13:52:32,375 Total blogs retrieved: 20
DEBUG 2025-01-10 13:53:20,454 List blog request received
INFO 2025-01-10 13:53:20,461 Total blogs retrieved: 20
DEBUG 2025-01-10 13:53:20,476 List blog request received
INFO 2025-01-10 13:53:20,486 Total blogs retrieved: 20
DEBUG 2025-01-10 13:53:26,097 List blog request received
INFO 2025-01-10 13:53:26,104 Total blogs retrieved: 20
DEBUG 2025-01-10 13:53:26,135 List blog request received
INFO 2025-01-10 13:53:26,143 Total blogs retrieved: 20
DEBUG 2025-01-10 13:53:27,050 List blog request received
INFO 2025-01-10 13:53:27,056 Total blogs retrieved: 20
DEBUG 2025-01-10 13:53:27,084 List blog request received
INFO 2025-01-10 13:53:27,092 Total blogs retrieved: 20
DEBUG 2025-01-10 13:53:28,220 List blog request received
INFO 2025-01-10 13:53:28,225 Total blogs retrieved: 20
DEBUG 2025-01-10 13:53:28,254 List blog request received
INFO 2025-01-10 13:53:28,259 Total blogs retrieved: 20
DEBUG 2025-01-10 13:53:29,653 List blog request received
INFO 2025-01-10 13:53:29,663 Total blogs retrieved: 20
DEBUG 2025-01-10 13:53:29,687 List blog request received
INFO 2025-01-10 13:53:29,694 Total blogs retrieved: 20
DEBUG 2025-01-10 13:54:10,465 List blog request received
INFO 2025-01-10 13:54:10,477 Total blogs retrieved: 20
DEBUG 2025-01-10 13:54:10,525 List blog request received
INFO 2025-01-10 13:54:10,537 Total blogs retrieved: 20
DEBUG 2025-01-10 13:54:19,859 List blog request received
INFO 2025-01-10 13:54:19,867 Total blogs retrieved: 20
DEBUG 2025-01-10 13:54:19,898 List blog request received
INFO 2025-01-10 13:54:19,906 Total blogs retrieved: 20
DEBUG 2025-01-10 13:54:21,030 List blog request received
INFO 2025-01-10 13:54:21,038 Total blogs retrieved: 20
DEBUG 2025-01-10 13:54:21,071 List blog request received
INFO 2025-01-10 13:54:21,077 Total blogs retrieved: 20
DEBUG 2025-01-10 13:55:49,117 List blog request received
INFO 2025-01-10 13:55:49,122 Total blogs retrieved: 20
DEBUG 2025-01-10 13:55:49,145 List blog request received
INFO 2025-01-10 13:55:49,150 Total blogs retrieved: 20
DEBUG 2025-01-10 13:58:39,466 List blog request received
INFO 2025-01-10 13:58:39,473 Total blogs retrieved: 20
DEBUG 2025-01-10 13:58:44,635 List blog request received
INFO 2025-01-10 13:58:44,640 Total blogs retrieved: 20
DEBUG 2025-01-10 13:58:44,665 List blog request received
INFO 2025-01-10 13:58:44,672 Total blogs retrieved: 20
DEBUG 2025-01-10 13:58:45,586 List blog request received
INFO 2025-01-10 13:58:45,591 Total blogs retrieved: 20
DEBUG 2025-01-10 13:58:45,613 List blog request received
INFO 2025-01-10 13:58:45,619 Total blogs retrieved: 20
DEBUG 2025-01-10 13:58:46,324 List blog request received
INFO 2025-01-10 13:58:46,332 Total blogs retrieved: 20
DEBUG 2025-01-10 13:58:46,351 List blog request received
INFO 2025-01-10 13:58:46,357 Total blogs retrieved: 20
DEBUG 2025-01-10 13:58:46,462 List blog request received
INFO 2025-01-10 13:58:46,467 Total blogs retrieved: 20
DEBUG 2025-01-10 13:58:46,487 List blog request received
INFO 2025-01-10 13:58:46,494 Total blogs retrieved: 20
DEBUG 2025-01-10 13:58:46,635 List blog request received
INFO 2025-01-10 13:58:46,640 Total blogs retrieved: 20
DEBUG 2025-01-10 13:58:46,663 List blog request received
INFO 2025-01-10 13:58:46,672 Total blogs retrieved: 20
DEBUG 2025-01-10 13:58:46,798 List blog request received
INFO 2025-01-10 13:58:46,804 Total blogs retrieved: 20
DEBUG 2025-01-10 13:58:46,832 List blog request received
INFO 2025-01-10 13:58:46,837 Total blogs retrieved: 20
DEBUG 2025-01-10 13:58:46,967 List blog request received
INFO 2025-01-10 13:58:46,974 Total blogs retrieved: 20
DEBUG 2025-01-10 13:58:46,995 List blog request received
INFO 2025-01-10 13:58:47,001 Total blogs retrieved: 20
DEBUG 2025-01-10 13:58:47,131 List blog request received
INFO 2025-01-10 13:58:47,137 Total blogs retrieved: 20
DEBUG 2025-01-10 13:58:47,159 List blog request received
INFO 2025-01-10 13:58:47,164 Total blogs retrieved: 20
DEBUG 2025-01-10 13:58:47,257 List blog request received
INFO 2025-01-10 13:58:47,262 Total blogs retrieved: 20
DEBUG 2025-01-10 13:58:47,279 List blog request received
INFO 2025-01-10 13:58:47,286 Total blogs retrieved: 20
DEBUG 2025-01-10 13:58:47,419 List blog request received
INFO 2025-01-10 13:58:47,424 Total blogs retrieved: 20
DEBUG 2025-01-10 13:58:47,444 List blog request received
INFO 2025-01-10 13:58:47,451 Total blogs retrieved: 20
DEBUG 2025-01-10 13:58:47,585 List blog request received
INFO 2025-01-10 13:58:47,593 Total blogs retrieved: 20
DEBUG 2025-01-10 13:58:47,614 List blog request received
INFO 2025-01-10 13:58:47,622 Total blogs retrieved: 20
DEBUG 2025-01-10 13:58:47,758 List blog request received
INFO 2025-01-10 13:58:47,763 Total blogs retrieved: 20
DEBUG 2025-01-10 13:58:47,782 List blog request received
INFO 2025-01-10 13:58:47,787 Total blogs retrieved: 20
DEBUG 2025-01-10 13:58:47,934 List blog request received
INFO 2025-01-10 13:58:47,939 Total blogs retrieved: 20
DEBUG 2025-01-10 13:58:47,959 List blog request received
INFO 2025-01-10 13:58:47,964 Total blogs retrieved: 20
DEBUG 2025-01-10 14:00:24,458 List blog request received
INFO 2025-01-10 14:00:24,468 Total blogs retrieved: 20
DEBUG 2025-01-10 14:01:09,382 List blog request received
INFO 2025-01-10 14:01:09,388 Total blogs retrieved: 20
DEBUG 2025-01-10 14:01:09,414 List blog request received
INFO 2025-01-10 14:01:09,420 Total blogs retrieved: 20
DEBUG 2025-01-10 14:02:33,994 List blog request received
INFO 2025-01-10 14:02:33,998 Total blogs retrieved: 20
DEBUG 2025-01-10 14:04:15,453 List blog request received
INFO 2025-01-10 14:04:15,458 Total blogs retrieved: 20
DEBUG 2025-01-10 14:04:21,013 List blog request received
INFO 2025-01-10 14:04:21,024 Total blogs retrieved: 20
DEBUG 2025-01-10 14:04:21,051 List blog request received
INFO 2025-01-10 14:04:21,058 Total blogs retrieved: 20
DEBUG 2025-01-10 14:04:46,646 List blog request received
INFO 2025-01-10 14:04:46,651 Total blogs retrieved: 20
DEBUG 2025-01-10 14:04:46,702 List blog request received
INFO 2025-01-10 14:04:46,708 Total blogs retrieved: 20
DEBUG 2025-01-10 14:08:33,817 List blog request received
INFO 2025-01-10 14:08:33,823 Total blogs retrieved: 20
DEBUG 2025-01-10 14:08:33,842 List blog request received
INFO 2025-01-10 14:08:33,853 Total blogs retrieved: 20
DEBUG 2025-01-10 14:10:01,220 List blog request received
INFO 2025-01-10 14:10:01,225 Total blogs retrieved: 20
DEBUG 2025-01-10 14:10:01,267 List blog request received
INFO 2025-01-10 14:10:01,275 Total blogs retrieved: 20
DEBUG 2025-01-10 14:12:18,459 List blog request received
INFO 2025-01-10 14:12:18,463 Total blogs retrieved: 20
DEBUG 2025-01-10 14:12:18,479 List blog request received
INFO 2025-01-10 14:12:18,484 Total blogs retrieved: 20
DEBUG 2025-01-10 14:17:54,915 List blog request received
INFO 2025-01-10 14:17:54,921 Total blogs retrieved: 20
DEBUG 2025-01-10 14:17:54,947 List blog request received
INFO 2025-01-10 14:17:54,954 Total blogs retrieved: 20
DEBUG 2025-01-10 14:18:07,403 List blog request received
INFO 2025-01-10 14:18:07,411 Total blogs retrieved: 20
DEBUG 2025-01-10 14:18:07,434 List blog request received
INFO 2025-01-10 14:18:07,440 Total blogs retrieved: 20
DEBUG 2025-01-10 14:18:11,807 List blog request received
INFO 2025-01-10 14:18:11,812 Total blogs retrieved: 20
DEBUG 2025-01-10 14:18:14,743 List blog request received
INFO 2025-01-10 14:18:14,755 Total blogs retrieved: 20
DEBUG 2025-01-10 14:20:36,490 List blog request received
INFO 2025-01-10 14:20:36,495 Total blogs retrieved: 20
DEBUG 2025-01-10 14:21:58,714 List blog request received
INFO 2025-01-10 14:21:58,733 Total blogs retrieved: 20
DEBUG 2025-01-10 14:22:01,991 List blog request received
INFO 2025-01-10 14:22:01,995 Total blogs retrieved: 20
DEBUG 2025-01-10 14:22:07,514 List blog request received
INFO 2025-01-10 14:22:07,528 Total blogs retrieved: 20
DEBUG 2025-01-10 14:22:12,394 List blog request received
INFO 2025-01-10 14:22:12,410 Total blogs retrieved: 20
DEBUG 2025-01-10 14:28:02,908 List blog request received
INFO 2025-01-10 14:28:02,917 Total blogs retrieved: 20
DEBUG 2025-01-10 14:28:02,938 List blog request received
INFO 2025-01-10 14:28:02,944 Total blogs retrieved: 20
DEBUG 2025-01-10 14:28:23,268 List blog request received
INFO 2025-01-10 14:28:23,274 Total blogs retrieved: 20
DEBUG 2025-01-10 14:28:27,181 List blog request received
INFO 2025-01-10 14:28:27,196 Total blogs retrieved: 20
DEBUG 2025-01-10 14:34:32,288 List blog request received
INFO 2025-01-10 14:34:32,294 Total blogs retrieved: 20
DEBUG 2025-01-10 14:34:32,314 List blog request received
INFO 2025-01-10 14:34:32,320 Total blogs retrieved: 20
DEBUG 2025-01-10 14:35:01,195 List blog request received
INFO 2025-01-10 14:35:01,213 Total blogs retrieved: 20
DEBUG 2025-01-10 14:35:01,270 List blog request received
INFO 2025-01-10 14:35:01,279 Total blogs retrieved: 20
